<?xml version="1.0" encoding="UTF-8"?>
<!-- Generated by org.testng.reporters.JUnitXMLReporter -->
<testsuite ignored="2" hostname="Apples-MacBook-Pro.local" failures="1" tests="12" name="Beneficiary and Project Manager Test" time="238.314" errors="0" timestamp="2025-05-26T23:31:16 IST">
  <testcase classname="anfas_main_classes_for_all_modules.Beneficiary" name="login" time="5.522"/>
  <testcase classname="anfas_main_classes_for_all_modules.Beneficiary" name="clicksidemenubarandbeneficiarybutton" time="20.058"/>
  <testcase classname="anfas_main_classes_for_all_modules.Beneficiary" name="clickbeneficiarybutton" time="0.159"/>
  <testcase classname="anfas_main_classes_for_all_modules.Beneficiary" name="clicknewbeneficiarybutton" time="5.135"/>
  <testcase classname="anfas_main_classes_for_all_modules.Beneficiary" name="beneficiary_uploadimage" time="14.182"/>
  <testcase classname="anfas_main_classes_for_all_modules.Beneficiary" name="addname" time="0.201"/>
  <testcase classname="anfas_main_classes_for_all_modules.Beneficiary" name="addmobilenumber" time="0.174"/>
  <testcase classname="uianduxtesting.uianduxformultipleimages" name="pmvsbeneficiarypagecheck" time="62.383"/>
  <testcase classname="uianduxtesting.uianduxformultipleimages" name="chvsbeneficiarypagecheck" time="29.971"/>
  <testcase classname="uianduxtesting.uianduxformultipleimages" name="beneficvsbeneficiarypagecheck" time="29.556"/>
  <testcase classname="anfas_main_classes_for_all_modules.Beneficiary" name="addemail" time="75.29">
    <skipped/>
  </testcase> <!-- addemail -->
  <testcase classname="anfas_main_classes_for_all_modules.Beneficiary" name="addemail" time="75.282">
    <failure type="org.openqa.selenium.TimeoutException" message="Expected condition failed: waiting for visibility of element located by By.xpath: //*[text()=&amp;apos;Emaill&amp;apos;]//following-sibling::input (tried for 75 second(s) with 500 milliseconds interval)
Build info: version: &amp;apos;4.15.0&amp;apos;, revision: &amp;apos;1d14b5521b&amp;apos;
System info: os.name: &amp;apos;Mac OS X&amp;apos;, os.arch: &amp;apos;x86_64&amp;apos;, os.version: &amp;apos;11.6&amp;apos;, java.version: &amp;apos;17.0.1&amp;apos;
Driver info: org.openqa.selenium.chrome.ChromeDriver
Capabilities {acceptInsecureCerts: false, browserName: chrome, browserVersion: 136.0.7103.114, chrome: {chromedriverVersion: 136.0.7103.92 (cb81a4cc5087..., userDataDir: /var/folders/6r/9r64p18s683...}, fedcm:accounts: true, goog:chromeOptions: {debuggerAddress: localhost:49423}, networkConnectionEnabled: false, pageLoadStrategy: normal, platformName: mac, proxy: Proxy(), se:cdp: ws://localhost:49423/devtoo..., se:cdpVersion: 136.0.7103.114, setWindowRect: true, strictFileInteractability: false, timeouts: {implicit: 0, pageLoad: 300000, script: 30000}, unhandledPromptBehavior: dismiss and notify, webauthn:extension:credBlob: true, webauthn:extension:largeBlob: true, webauthn:extension:minPinLength: true, webauthn:extension:prf: true, webauthn:virtualAuthenticators: true}
Session ID: 99eca9304feafaf5a762dc381309b6f9">
      <![CDATA[org.openqa.selenium.TimeoutException: Expected condition failed: waiting for visibility of element located by By.xpath: //*[text()='Emaill']//following-sibling::input (tried for 75 second(s) with 500 milliseconds interval)
Build info: version: '4.15.0', revision: '1d14b5521b'
System info: os.name: 'Mac OS X', os.arch: 'x86_64', os.version: '11.6', java.version: '17.0.1'
Driver info: org.openqa.selenium.chrome.ChromeDriver
Capabilities {acceptInsecureCerts: false, browserName: chrome, browserVersion: 136.0.7103.114, chrome: {chromedriverVersion: 136.0.7103.92 (cb81a4cc5087..., userDataDir: /var/folders/6r/9r64p18s683...}, fedcm:accounts: true, goog:chromeOptions: {debuggerAddress: localhost:49423}, networkConnectionEnabled: false, pageLoadStrategy: normal, platformName: mac, proxy: Proxy(), se:cdp: ws://localhost:49423/devtoo..., se:cdpVersion: 136.0.7103.114, setWindowRect: true, strictFileInteractability: false, timeouts: {implicit: 0, pageLoad: 300000, script: 30000}, unhandledPromptBehavior: dismiss and notify, webauthn:extension:credBlob: true, webauthn:extension:largeBlob: true, webauthn:extension:minPinLength: true, webauthn:extension:prf: true, webauthn:virtualAuthenticators: true}
Session ID: 99eca9304feafaf5a762dc381309b6f9
at org.openqa.selenium.support.ui.WebDriverWait.timeoutException(WebDriverWait.java:84)
at org.openqa.selenium.support.ui.FluentWait.until(FluentWait.java:229)
at anfas.wait_helper.getVisibleElement(wait_helper.java:14)
at anfas.reusablekeyboardactions.enterText(reusablekeyboardactions.java:62)
at anfas_main_classes_for_all_modules.Beneficiary.addemail(Beneficiary.java:346)
at java.base/java.util.concurrent.ThreadPoolExecutor.runWorker(ThreadPoolExecutor.java:1136)
at java.base/java.util.concurrent.ThreadPoolExecutor$Worker.run(ThreadPoolExecutor.java:635)
at java.base/java.lang.Thread.run(Thread.java:833)
... Removed 12 stack frames]]>
    </failure>
  </testcase> <!-- addemail -->
  <testcase classname="anfas_main_classes_for_all_modules.base_class" name="@AfterSuite tearDownExtentReport" time="0.0">
    <ignored/>
  </testcase> <!-- @AfterSuite tearDownExtentReport -->
  <testcase classname="anfas_main_classes_for_all_modules.base_class" name="@BeforeSuite setupExtentReport" time="0.0">
    <ignored/>
  </testcase> <!-- @BeforeSuite setupExtentReport -->
</testsuite> <!-- Beneficiary and Project Manager Test -->
