<?xml version="1.0" encoding="UTF-8"?>
<!-- Generated by org.testng.reporters.JUnitReportReporter -->
<testsuite hostname="Apples-MacBook-Pro.local" failures="0" tests="29" name="anfas.Beneficiary" time="232.842" errors="1" timestamp="2025-04-29T19:34:47 IST" skipped="1">
  <testcase classname="anfas.Beneficiary" name="login" time="5.535"/>
  <system-out/>
  <testcase classname="anfas.Beneficiary" name="clicksidemenubarandbeneficiarybutton" time="15.217"/>
  <system-out/>
  <testcase classname="anfas.Beneficiary" name="clicknewbeneficiarybutton" time="5.143"/>
  <system-out/>
  <testcase classname="anfas.Beneficiary" name="uploadimage" time="95.034">
    <skipped/>
  </testcase> <!-- uploadimage -->
  <system-out/>
  <testcase classname="anfas.Beneficiary" name="uploadimage" time="95.470">
    <error message="Expected condition failed: waiting for visibility of element located by By.xpath: //*[text()=&#039;Upload Image&#039;]//preceding-sibling::h5//child::im (tried for 95 second(s) with 500 milliseconds interval)
Build info: version: &#039;4.15.0&#039;, revision: &#039;1d14b5521b&#039;
System info: os.name: &#039;Mac OS X&#039;, os.arch: &#039;x86_64&#039;, os.version: &#039;11.6&#039;, java.version: &#039;17.0.1&#039;
Driver info: org.openqa.selenium.chrome.ChromeDriver
Capabilities {acceptInsecureCerts: false, browserName: chrome, browserVersion: 135.0.7049.115, chrome: {chromedriverVersion: 134.0.6998.165 (fd886e2cb29..., userDataDir: /var/folders/6r/9r64p18s683...}, fedcm:accounts: true, goog:chromeOptions: {debuggerAddress: localhost:51830}, networkConnectionEnabled: false, pageLoadStrategy: normal, platformName: mac, proxy: Proxy(), se:cdp: ws://localhost:51830/devtoo..., se:cdpVersion: 135.0.7049.115, setWindowRect: true, strictFileInteractability: false, timeouts: {implicit: 0, pageLoad: 300000, script: 30000}, unhandledPromptBehavior: dismiss and notify, webauthn:extension:credBlob: true, webauthn:extension:largeBlob: true, webauthn:extension:minPinLength: true, webauthn:extension:prf: true, webauthn:virtualAuthenticators: true}
Session ID: b2f8606d519496a79e12cfdb462401d9" type="org.openqa.selenium.TimeoutException">
      <![CDATA[org.openqa.selenium.TimeoutException: Expected condition failed: waiting for visibility of element located by By.xpath: //*[text()='Upload Image']//preceding-sibling::h5//child::im (tried for 95 second(s) with 500 milliseconds interval)
Build info: version: '4.15.0', revision: '1d14b5521b'
System info: os.name: 'Mac OS X', os.arch: 'x86_64', os.version: '11.6', java.version: '17.0.1'
Driver info: org.openqa.selenium.chrome.ChromeDriver
Capabilities {acceptInsecureCerts: false, browserName: chrome, browserVersion: 135.0.7049.115, chrome: {chromedriverVersion: 134.0.6998.165 (fd886e2cb29..., userDataDir: /var/folders/6r/9r64p18s683...}, fedcm:accounts: true, goog:chromeOptions: {debuggerAddress: localhost:51830}, networkConnectionEnabled: false, pageLoadStrategy: normal, platformName: mac, proxy: Proxy(), se:cdp: ws://localhost:51830/devtoo..., se:cdpVersion: 135.0.7049.115, setWindowRect: true, strictFileInteractability: false, timeouts: {implicit: 0, pageLoad: 300000, script: 30000}, unhandledPromptBehavior: dismiss and notify, webauthn:extension:credBlob: true, webauthn:extension:largeBlob: true, webauthn:extension:minPinLength: true, webauthn:extension:prf: true, webauthn:virtualAuthenticators: true}
Session ID: b2f8606d519496a79e12cfdb462401d9
at org.openqa.selenium.support.ui.WebDriverWait.timeoutException(WebDriverWait.java:84)
at org.openqa.selenium.support.ui.FluentWait.until(FluentWait.java:229)
at anfas.wait_helper.getVisibleElement(wait_helper.java:12)
at anfas.reusablekeyboardactions.clickElement(reusablekeyboardactions.java:21)
at anfas.Beneficiary.uploadimage(Beneficiary.java:179)
at java.base/jdk.internal.reflect.NativeMethodAccessorImpl.invoke0(Native Method)
at java.base/jdk.internal.reflect.NativeMethodAccessorImpl.invoke(NativeMethodAccessorImpl.java:77)
at java.base/jdk.internal.reflect.DelegatingMethodAccessorImpl.invoke(DelegatingMethodAccessorImpl.java:43)
at java.base/java.lang.reflect.Method.invoke(Method.java:568)
at org.testng.internal.invokers.MethodInvocationHelper.invokeMethod(MethodInvocationHelper.java:139)
at org.testng.internal.invokers.TestInvoker.invokeMethod(TestInvoker.java:677)
at org.testng.internal.invokers.TestInvoker.retryFailed(TestInvoker.java:263)
at org.testng.internal.invokers.MethodRunner.runInSequence(MethodRunner.java:62)
at org.testng.internal.invokers.TestInvoker$MethodInvocationAgent.invoke(TestInvoker.java:969)
at org.testng.internal.invokers.TestInvoker.invokeTestMethods(TestInvoker.java:194)
at org.testng.internal.invokers.TestMethodWorker.invokeTestMethods(TestMethodWorker.java:148)
at org.testng.internal.invokers.TestMethodWorker.run(TestMethodWorker.java:128)
at java.base/java.util.ArrayList.forEach(ArrayList.java:1511)
at org.testng.TestRunner.privateRun(TestRunner.java:829)
at org.testng.TestRunner.run(TestRunner.java:602)
at org.testng.SuiteRunner.runTest(SuiteRunner.java:437)
at org.testng.SuiteRunner.runSequentially(SuiteRunner.java:431)
at org.testng.SuiteRunner.privateRun(SuiteRunner.java:391)
at org.testng.SuiteRunner.run(SuiteRunner.java:330)
at org.testng.SuiteRunnerWorker.runSuite(SuiteRunnerWorker.java:52)
at org.testng.SuiteRunnerWorker.run(SuiteRunnerWorker.java:95)
at org.testng.TestNG.runSuitesSequentially(TestNG.java:1256)
at org.testng.TestNG.runSuitesLocally(TestNG.java:1176)
at org.testng.TestNG.runSuites(TestNG.java:1099)
at org.testng.TestNG.run(TestNG.java:1067)
at org.testng.remote.AbstractRemoteTestNG.run(AbstractRemoteTestNG.java:115)
at org.testng.remote.RemoteTestNG.initAndRun(RemoteTestNG.java:251)
at org.testng.remote.RemoteTestNG.main(RemoteTestNG.java:77)
]]>
    </error>
  </testcase> <!-- uploadimage -->
  <system-out/>
  <testcase classname="anfas.Beneficiary" name="addname" time="0.248"/>
  <system-out/>
  <testcase classname="anfas.Beneficiary" name="addmobilenumber" time="0.171"/>
  <system-out/>
  <testcase classname="anfas.Beneficiary" name="addemail" time="0.186"/>
  <system-out/>
  <testcase classname="anfas.Beneficiary" name="adddate" time="0.130"/>
  <system-out/>
  <testcase classname="anfas.Beneficiary" name="addnationalid" time="0.196"/>
  <system-out/>
  <testcase classname="anfas.Beneficiary" name="addservicetype" time="0.081"/>
  <system-out/>
  <testcase classname="anfas.Beneficiary" name="addservicetypevalues" time="4.081"/>
  <system-out/>
  <testcase classname="anfas.Beneficiary" name="addbeneficiaryregion" time="0.072"/>
  <system-out/>
  <testcase classname="anfas.Beneficiary" name="addbeneficiaryregionvalues" time="0.076"/>
  <system-out/>
  <testcase classname="anfas.Beneficiary" name="addbeneficiarynationalid" time="0.160"/>
  <system-out/>
  <testcase classname="anfas.Beneficiary" name="addbeneficiaryaddress" time="0.166"/>
  <system-out/>
  <testcase classname="anfas.Beneficiary" name="addbeneficiarygender" time="0.144"/>
  <system-out/>
  <testcase classname="anfas.Beneficiary" name="addbeneficiaryheightvalue" time="0.123"/>
  <system-out/>
  <testcase classname="anfas.Beneficiary" name="addbeneficiaryweightvalue" time="0.117"/>
  <system-out/>
  <testcase classname="anfas.Beneficiary" name="addbeneficiarycaregivervalue" time="4.193"/>
  <system-out/>
  <testcase classname="anfas.Beneficiary" name="addbeneficiaryfromdate" time="0.166"/>
  <system-out/>
  <testcase classname="anfas.Beneficiary" name="addbeneficiarytodate" time="0.120"/>
  <system-out/>
  <testcase classname="anfas.Beneficiary" name="addbeneficiaryfromtime" time="0.156"/>
  <system-out/>
  <testcase classname="anfas.Beneficiary" name="addbeneficiarytotime" time="0.169"/>
  <system-out/>
  <testcase classname="anfas.Beneficiary" name="addbeneficiaryemergencyname" time="0.133"/>
  <system-out/>
  <testcase classname="anfas.Beneficiary" name="addbeneficiaryemergencynumber" time="0.180"/>
  <system-out/>
  <testcase classname="anfas.Beneficiary" name="addbeneficiaryattachmenttitle" time="0.148"/>
  <system-out/>
  <testcase classname="anfas.Beneficiary" name="addbeneficiaryattachmentchoosefile" time="0.057"/>
  <system-out/>
  <testcase classname="anfas.Beneficiary" name="addbeneficiarysubmit" time="5.170"/>
  <system-out/>
</testsuite> <!-- anfas.Beneficiary -->
