<?xml version="1.0" encoding="UTF-8"?>
<!-- Generated by org.testng.reporters.JUnitReportReporter -->
<testsuite hostname="Apples-MacBook-Pro.local" failures="0" tests="29" name="anfas_main_class_for_beneficiary.Beneficiary" time="372.200" errors="2" timestamp="2025-05-15T18:50:07 IST" skipped="2">
  <testcase classname="anfas_main_class_for_beneficiary.Beneficiary" name="login" time="5.693"/>
  <system-out/>
  <testcase classname="anfas_main_class_for_beneficiary.Beneficiary" name="clicksidemenubarandbeneficiarybutton" time="25.293"/>
  <system-out/>
  <testcase classname="anfas_main_class_for_beneficiary.Beneficiary" name="clicknewbeneficiarybutton" time="5.140"/>
  <system-out/>
  <testcase classname="anfas_main_class_for_beneficiary.Beneficiary" name="uploadimage" time="14.146"/>
  <system-out/>
  <testcase classname="anfas_main_class_for_beneficiary.Beneficiary" name="addname" time="0.274"/>
  <system-out/>
  <testcase classname="anfas_main_class_for_beneficiary.Beneficiary" name="addmobilenumber" time="0.166"/>
  <system-out/>
  <testcase classname="anfas_main_class_for_beneficiary.Beneficiary" name="addemail" time="0.174"/>
  <system-out/>
  <testcase classname="anfas_main_class_for_beneficiary.Beneficiary" name="adddate" time="0.186"/>
  <system-out/>
  <testcase classname="anfas_main_class_for_beneficiary.Beneficiary" name="addnationalid" time="0.169"/>
  <system-out/>
  <testcase classname="anfas_main_class_for_beneficiary.Beneficiary" name="addservicetype" time="0.084"/>
  <system-out/>
  <testcase classname="anfas_main_class_for_beneficiary.Beneficiary" name="addservicetypevalues" time="79.099">
    <skipped/>
  </testcase> <!-- addservicetypevalues -->
  <system-out/>
  <testcase classname="anfas_main_class_for_beneficiary.Beneficiary" name="addservicetypevalues" time="79.295">
    <error message="Expected condition failed: waiting for visibility of element located by By.xpath: //*[text()=&#039;Test service 4&#039;] (tried for 75 second(s) with 500 milliseconds interval)
Build info: version: &#039;4.15.0&#039;, revision: &#039;1d14b5521b&#039;
System info: os.name: &#039;Mac OS X&#039;, os.arch: &#039;x86_64&#039;, os.version: &#039;11.6&#039;, java.version: &#039;17.0.1&#039;
Driver info: org.openqa.selenium.chrome.ChromeDriver
Capabilities {acceptInsecureCerts: false, browserName: chrome, browserVersion: 136.0.7103.94, chrome: {chromedriverVersion: 136.0.7103.92 (cb81a4cc5087..., userDataDir: /var/folders/6r/9r64p18s683...}, fedcm:accounts: true, goog:chromeOptions: {debuggerAddress: localhost:62537}, networkConnectionEnabled: false, pageLoadStrategy: normal, platformName: mac, proxy: Proxy(), se:cdp: ws://localhost:62537/devtoo..., se:cdpVersion: 136.0.7103.94, setWindowRect: true, strictFileInteractability: false, timeouts: {implicit: 0, pageLoad: 300000, script: 30000}, unhandledPromptBehavior: dismiss and notify, webauthn:extension:credBlob: true, webauthn:extension:largeBlob: true, webauthn:extension:minPinLength: true, webauthn:extension:prf: true, webauthn:virtualAuthenticators: true}
Session ID: 9a8ae98fd6911b224407245d366bad15" type="org.openqa.selenium.TimeoutException">
      <![CDATA[org.openqa.selenium.TimeoutException: Expected condition failed: waiting for visibility of element located by By.xpath: //*[text()='Test service 4'] (tried for 75 second(s) with 500 milliseconds interval)
Build info: version: '4.15.0', revision: '1d14b5521b'
System info: os.name: 'Mac OS X', os.arch: 'x86_64', os.version: '11.6', java.version: '17.0.1'
Driver info: org.openqa.selenium.chrome.ChromeDriver
Capabilities {acceptInsecureCerts: false, browserName: chrome, browserVersion: 136.0.7103.94, chrome: {chromedriverVersion: 136.0.7103.92 (cb81a4cc5087..., userDataDir: /var/folders/6r/9r64p18s683...}, fedcm:accounts: true, goog:chromeOptions: {debuggerAddress: localhost:62537}, networkConnectionEnabled: false, pageLoadStrategy: normal, platformName: mac, proxy: Proxy(), se:cdp: ws://localhost:62537/devtoo..., se:cdpVersion: 136.0.7103.94, setWindowRect: true, strictFileInteractability: false, timeouts: {implicit: 0, pageLoad: 300000, script: 30000}, unhandledPromptBehavior: dismiss and notify, webauthn:extension:credBlob: true, webauthn:extension:largeBlob: true, webauthn:extension:minPinLength: true, webauthn:extension:prf: true, webauthn:virtualAuthenticators: true}
Session ID: 9a8ae98fd6911b224407245d366bad15
at org.openqa.selenium.support.ui.WebDriverWait.timeoutException(WebDriverWait.java:84)
at org.openqa.selenium.support.ui.FluentWait.until(FluentWait.java:229)
at anfas.wait_helper.getVisibleElement(wait_helper.java:14)
at anfas.reusablekeyboardactions.clickElement(reusablekeyboardactions.java:21)
at anfas_main_class_for_beneficiary.Beneficiary.addservicetypevalues(Beneficiary.java:396)
at java.base/jdk.internal.reflect.NativeMethodAccessorImpl.invoke0(Native Method)
at java.base/jdk.internal.reflect.NativeMethodAccessorImpl.invoke(NativeMethodAccessorImpl.java:77)
at java.base/jdk.internal.reflect.DelegatingMethodAccessorImpl.invoke(DelegatingMethodAccessorImpl.java:43)
at java.base/java.lang.reflect.Method.invoke(Method.java:568)
at org.testng.internal.invokers.MethodInvocationHelper.invokeMethod(MethodInvocationHelper.java:139)
at org.testng.internal.invokers.TestInvoker.invokeMethod(TestInvoker.java:677)
at org.testng.internal.invokers.TestInvoker.retryFailed(TestInvoker.java:263)
at org.testng.internal.invokers.MethodRunner.runInSequence(MethodRunner.java:62)
at org.testng.internal.invokers.TestInvoker$MethodInvocationAgent.invoke(TestInvoker.java:969)
at org.testng.internal.invokers.TestInvoker.invokeTestMethods(TestInvoker.java:194)
at org.testng.internal.invokers.TestMethodWorker.invokeTestMethods(TestMethodWorker.java:148)
at org.testng.internal.invokers.TestMethodWorker.run(TestMethodWorker.java:128)
at java.base/java.util.ArrayList.forEach(ArrayList.java:1511)
at org.testng.TestRunner.privateRun(TestRunner.java:829)
at org.testng.TestRunner.run(TestRunner.java:602)
at org.testng.SuiteRunner.runTest(SuiteRunner.java:437)
at org.testng.SuiteRunner.runSequentially(SuiteRunner.java:431)
at org.testng.SuiteRunner.privateRun(SuiteRunner.java:391)
at org.testng.SuiteRunner.run(SuiteRunner.java:330)
at org.testng.SuiteRunnerWorker.runSuite(SuiteRunnerWorker.java:52)
at org.testng.SuiteRunnerWorker.run(SuiteRunnerWorker.java:95)
at org.testng.TestNG.runSuitesSequentially(TestNG.java:1256)
at org.testng.TestNG.runSuitesLocally(TestNG.java:1176)
at org.testng.TestNG.runSuites(TestNG.java:1099)
at org.testng.TestNG.run(TestNG.java:1067)
at org.testng.remote.AbstractRemoteTestNG.run(AbstractRemoteTestNG.java:115)
at org.testng.remote.RemoteTestNG.initAndRun(RemoteTestNG.java:251)
at org.testng.remote.RemoteTestNG.main(RemoteTestNG.java:77)
]]>
    </error>
  </testcase> <!-- addservicetypevalues -->
  <system-out/>
  <testcase classname="anfas_main_class_for_beneficiary.Beneficiary" name="addbeneficiaryregion" time="0.097"/>
  <system-out/>
  <testcase classname="anfas_main_class_for_beneficiary.Beneficiary" name="addbeneficiaryregionvalues" time="0.160"/>
  <system-out/>
  <testcase classname="anfas_main_class_for_beneficiary.Beneficiary" name="addbeneficiaryaddress" time="0.177"/>
  <system-out/>
  <testcase classname="anfas_main_class_for_beneficiary.Beneficiary" name="addbeneficiarygender" time="0.165"/>
  <system-out/>
  <testcase classname="anfas_main_class_for_beneficiary.Beneficiary" name="addbeneficiaryheightvalue" time="0.121"/>
  <system-out/>
  <testcase classname="anfas_main_class_for_beneficiary.Beneficiary" name="addbeneficiaryweightvalue" time="0.127"/>
  <system-out/>
  <testcase classname="anfas_main_class_for_beneficiary.Beneficiary" name="addbeneficiarycaregivervalue" time="4.236"/>
  <system-out/>
  <testcase classname="anfas_main_class_for_beneficiary.Beneficiary" name="addbeneficiaryfromdate" time="0.175"/>
  <system-out/>
  <testcase classname="anfas_main_class_for_beneficiary.Beneficiary" name="addbeneficiarytodate" time="0.136"/>
  <system-out/>
  <testcase classname="anfas_main_class_for_beneficiary.Beneficiary" name="addbeneficiaryfromtime" time="0.207"/>
  <system-out/>
  <testcase classname="anfas_main_class_for_beneficiary.Beneficiary" name="addbeneficiarytotime" time="0.182"/>
  <system-out/>
  <testcase classname="anfas_main_class_for_beneficiary.Beneficiary" name="addbeneficiaryemergencyname" time="0.172"/>
  <system-out/>
  <testcase classname="anfas_main_class_for_beneficiary.Beneficiary" name="addbeneficiaryemergencynumber" time="75.510">
    <error message="Expected condition failed: waiting for visibility of element located by By.xpath: (//*[@placeholder=&#039;Enter the Mobile Numbe&#039;])[2] (tried for 75 second(s) with 500 milliseconds interval)
Build info: version: &#039;4.15.0&#039;, revision: &#039;1d14b5521b&#039;
System info: os.name: &#039;Mac OS X&#039;, os.arch: &#039;x86_64&#039;, os.version: &#039;11.6&#039;, java.version: &#039;17.0.1&#039;
Driver info: org.openqa.selenium.chrome.ChromeDriver
Capabilities {acceptInsecureCerts: false, browserName: chrome, browserVersion: 136.0.7103.94, chrome: {chromedriverVersion: 136.0.7103.92 (cb81a4cc5087..., userDataDir: /var/folders/6r/9r64p18s683...}, fedcm:accounts: true, goog:chromeOptions: {debuggerAddress: localhost:62537}, networkConnectionEnabled: false, pageLoadStrategy: normal, platformName: mac, proxy: Proxy(), se:cdp: ws://localhost:62537/devtoo..., se:cdpVersion: 136.0.7103.94, setWindowRect: true, strictFileInteractability: false, timeouts: {implicit: 0, pageLoad: 300000, script: 30000}, unhandledPromptBehavior: dismiss and notify, webauthn:extension:credBlob: true, webauthn:extension:largeBlob: true, webauthn:extension:minPinLength: true, webauthn:extension:prf: true, webauthn:virtualAuthenticators: true}
Session ID: 9a8ae98fd6911b224407245d366bad15" type="org.openqa.selenium.TimeoutException">
      <![CDATA[org.openqa.selenium.TimeoutException: Expected condition failed: waiting for visibility of element located by By.xpath: (//*[@placeholder='Enter the Mobile Numbe'])[2] (tried for 75 second(s) with 500 milliseconds interval)
Build info: version: '4.15.0', revision: '1d14b5521b'
System info: os.name: 'Mac OS X', os.arch: 'x86_64', os.version: '11.6', java.version: '17.0.1'
Driver info: org.openqa.selenium.chrome.ChromeDriver
Capabilities {acceptInsecureCerts: false, browserName: chrome, browserVersion: 136.0.7103.94, chrome: {chromedriverVersion: 136.0.7103.92 (cb81a4cc5087..., userDataDir: /var/folders/6r/9r64p18s683...}, fedcm:accounts: true, goog:chromeOptions: {debuggerAddress: localhost:62537}, networkConnectionEnabled: false, pageLoadStrategy: normal, platformName: mac, proxy: Proxy(), se:cdp: ws://localhost:62537/devtoo..., se:cdpVersion: 136.0.7103.94, setWindowRect: true, strictFileInteractability: false, timeouts: {implicit: 0, pageLoad: 300000, script: 30000}, unhandledPromptBehavior: dismiss and notify, webauthn:extension:credBlob: true, webauthn:extension:largeBlob: true, webauthn:extension:minPinLength: true, webauthn:extension:prf: true, webauthn:virtualAuthenticators: true}
Session ID: 9a8ae98fd6911b224407245d366bad15
at org.openqa.selenium.support.ui.WebDriverWait.timeoutException(WebDriverWait.java:84)
at org.openqa.selenium.support.ui.FluentWait.until(FluentWait.java:229)
at anfas.wait_helper.getVisibleElement(wait_helper.java:14)
at anfas.reusablekeyboardactions.enterText(reusablekeyboardactions.java:54)
at anfas_main_class_for_beneficiary.Beneficiary.addbeneficiaryemergencynumber(Beneficiary.java:671)
at java.base/jdk.internal.reflect.NativeMethodAccessorImpl.invoke0(Native Method)
at java.base/jdk.internal.reflect.NativeMethodAccessorImpl.invoke(NativeMethodAccessorImpl.java:77)
at java.base/jdk.internal.reflect.DelegatingMethodAccessorImpl.invoke(DelegatingMethodAccessorImpl.java:43)
at java.base/java.lang.reflect.Method.invoke(Method.java:568)
at org.testng.internal.invokers.MethodInvocationHelper.invokeMethod(MethodInvocationHelper.java:139)
at org.testng.internal.invokers.TestInvoker.invokeMethod(TestInvoker.java:677)
at org.testng.internal.invokers.TestInvoker.retryFailed(TestInvoker.java:263)
at org.testng.internal.invokers.MethodRunner.runInSequence(MethodRunner.java:62)
at org.testng.internal.invokers.TestInvoker$MethodInvocationAgent.invoke(TestInvoker.java:969)
at org.testng.internal.invokers.TestInvoker.invokeTestMethods(TestInvoker.java:194)
at org.testng.internal.invokers.TestMethodWorker.invokeTestMethods(TestMethodWorker.java:148)
at org.testng.internal.invokers.TestMethodWorker.run(TestMethodWorker.java:128)
at java.base/java.util.ArrayList.forEach(ArrayList.java:1511)
at org.testng.TestRunner.privateRun(TestRunner.java:829)
at org.testng.TestRunner.run(TestRunner.java:602)
at org.testng.SuiteRunner.runTest(SuiteRunner.java:437)
at org.testng.SuiteRunner.runSequentially(SuiteRunner.java:431)
at org.testng.SuiteRunner.privateRun(SuiteRunner.java:391)
at org.testng.SuiteRunner.run(SuiteRunner.java:330)
at org.testng.SuiteRunnerWorker.runSuite(SuiteRunnerWorker.java:52)
at org.testng.SuiteRunnerWorker.run(SuiteRunnerWorker.java:95)
at org.testng.TestNG.runSuitesSequentially(TestNG.java:1256)
at org.testng.TestNG.runSuitesLocally(TestNG.java:1176)
at org.testng.TestNG.runSuites(TestNG.java:1099)
at org.testng.TestNG.run(TestNG.java:1067)
at org.testng.remote.AbstractRemoteTestNG.run(AbstractRemoteTestNG.java:115)
at org.testng.remote.RemoteTestNG.initAndRun(RemoteTestNG.java:251)
at org.testng.remote.RemoteTestNG.main(RemoteTestNG.java:77)
]]>
    </error>
  </testcase> <!-- addbeneficiaryemergencynumber -->
  <system-out/>
  <testcase classname="anfas_main_class_for_beneficiary.Beneficiary" name="addbeneficiaryemergencynumber" time="75.482">
    <skipped/>
  </testcase> <!-- addbeneficiaryemergencynumber -->
  <system-out/>
  <testcase classname="anfas_main_class_for_beneficiary.Beneficiary" name="addbeneficiaryattachmenttitle" time="0.237"/>
  <system-out/>
  <testcase classname="anfas_main_class_for_beneficiary.Beneficiary" name="addbeneficiaryattachmentchoosefile" time="0.063"/>
  <system-out/>
  <testcase classname="anfas_main_class_for_beneficiary.Beneficiary" name="addbeneficiarysubmit" time="5.234"/>
  <system-out/>
</testsuite> <!-- anfas_main_class_for_beneficiary.Beneficiary -->
